D:\01_work\2016Q34\02_西研所软件训练营\release_2\07.实战课程-西研\实战课程_C语言版\03_演练和实战工程\project\subwayCharge_ver2\LLT\subwayCharge.pdb
D:\01_WORK\2016Q34\02_西研所软件训练营\RELEASE_2\07.实战课程-西研\实战课程_C语言版\03_演练和实战工程\PROJECT\SUBWAYCHARGE_VER2\SUBWAYCHARGE\LLT\BASEPRICE.OBJ
D:\01_work\2016Q34\02_西研所软件训练营\release_2\07.实战课程-西研\实战课程_C语言版\03_演练和实战工程\project\subwayCharge_ver2\subwayCharge\LLT\cl.command.1.tlog
D:\01_work\2016Q34\02_西研所软件训练营\release_2\07.实战课程-西研\实战课程_C语言版\03_演练和实战工程\project\subwayCharge_ver2\subwayCharge\LLT\CL.read.1.tlog
D:\01_work\2016Q34\02_西研所软件训练营\release_2\07.实战课程-西研\实战课程_C语言版\03_演练和实战工程\project\subwayCharge_ver2\subwayCharge\LLT\CL.write.1.tlog
D:\01_WORK\2016Q34\02_西研所软件训练营\RELEASE_2\07.实战课程-西研\实战课程_C语言版\03_演练和实战工程\PROJECT\SUBWAYCHARGE_VER2\SUBWAYCHARGE\LLT\CMDCREATECARD.OBJ
D:\01_WORK\2016Q34\02_西研所软件训练营\RELEASE_2\07.实战课程-西研\实战课程_C语言版\03_演练和实战工程\PROJECT\SUBWAYCHARGE_VER2\SUBWAYCHARGE\LLT\CMDDEDUCTPROC.OBJ
D:\01_WORK\2016Q34\02_西研所软件训练营\RELEASE_2\07.实战课程-西研\实战课程_C语言版\03_演练和实战工程\PROJECT\SUBWAYCHARGE_VER2\SUBWAYCHARGE\LLT\CMDDESTROYCARD.OBJ
D:\01_WORK\2016Q34\02_西研所软件训练营\RELEASE_2\07.实战课程-西研\实战课程_C语言版\03_演练和实战工程\PROJECT\SUBWAYCHARGE_VER2\SUBWAYCHARGE\LLT\CMDFILLCHARGE.OBJ
D:\01_WORK\2016Q34\02_西研所软件训练营\RELEASE_2\07.实战课程-西研\实战课程_C语言版\03_演练和实战工程\PROJECT\SUBWAYCHARGE_VER2\SUBWAYCHARGE\LLT\CMDQUERYHISTORY.OBJ
D:\01_WORK\2016Q34\02_西研所软件训练营\RELEASE_2\07.实战课程-西研\实战课程_C语言版\03_演练和实战工程\PROJECT\SUBWAYCHARGE_VER2\SUBWAYCHARGE\LLT\CMDQUERYLINE.OBJ
D:\01_WORK\2016Q34\02_西研所软件训练营\RELEASE_2\07.实战课程-西研\实战课程_C语言版\03_演练和实战工程\PROJECT\SUBWAYCHARGE_VER2\SUBWAYCHARGE\LLT\CMDRESET.OBJ
D:\01_WORK\2016Q34\02_西研所软件训练营\RELEASE_2\07.实战课程-西研\实战课程_C语言版\03_演练和实战工程\PROJECT\SUBWAYCHARGE_VER2\SUBWAYCHARGE\LLT\CMDSINGLETICKET.OBJ
D:\01_WORK\2016Q34\02_西研所软件训练营\RELEASE_2\07.实战课程-西研\实战课程_C语言版\03_演练和实战工程\PROJECT\SUBWAYCHARGE_VER2\SUBWAYCHARGE\LLT\DEDUCTPRICE.OBJ
D:\01_work\2016Q34\02_西研所软件训练营\release_2\07.实战课程-西研\实战课程_C语言版\03_演练和实战工程\project\subwayCharge_ver2\subwayCharge\LLT\link.command.1.tlog
D:\01_work\2016Q34\02_西研所软件训练营\release_2\07.实战课程-西研\实战课程_C语言版\03_演练和实战工程\project\subwayCharge_ver2\subwayCharge\LLT\link.read.1.tlog
D:\01_work\2016Q34\02_西研所软件训练营\release_2\07.实战课程-西研\实战课程_C语言版\03_演练和实战工程\project\subwayCharge_ver2\subwayCharge\LLT\link.write.1.tlog
D:\01_work\2016Q34\02_西研所软件训练营\release_2\07.实战课程-西研\实战课程_C语言版\03_演练和实战工程\project\subwayCharge_ver2\subwayCharge\LLT\mt.command.1.tlog
D:\01_work\2016Q34\02_西研所软件训练营\release_2\07.实战课程-西研\实战课程_C语言版\03_演练和实战工程\project\subwayCharge_ver2\subwayCharge\LLT\mt.read.1.tlog
D:\01_work\2016Q34\02_西研所软件训练营\release_2\07.实战课程-西研\实战课程_C语言版\03_演练和实战工程\project\subwayCharge_ver2\subwayCharge\LLT\mt.write.1.tlog
D:\01_WORK\2016Q34\02_西研所软件训练营\RELEASE_2\07.实战课程-西研\实战课程_C语言版\03_演练和实战工程\PROJECT\SUBWAYCHARGE_VER2\SUBWAYCHARGE\LLT\STDAFX.OBJ
D:\01_WORK\2016Q34\02_西研所软件训练营\RELEASE_2\07.实战课程-西研\实战课程_C语言版\03_演练和实战工程\PROJECT\SUBWAYCHARGE_VER2\SUBWAYCHARGE\LLT\SUBWAYCARD.OBJ
D:\01_WORK\2016Q34\02_西研所软件训练营\RELEASE_2\07.实战课程-西研\实战课程_C语言版\03_演练和实战工程\PROJECT\SUBWAYCHARGE_VER2\SUBWAYCHARGE\LLT\SUBWAYCARD_TEST.OBJ
D:\01_work\2016Q34\02_西研所软件训练营\release_2\07.实战课程-西研\实战课程_C语言版\03_演练和实战工程\project\subwayCharge_ver2\subwayCharge\LLT\subwayCharge.exe.intermediate.manifest
D:\01_WORK\2016Q34\02_西研所软件训练营\RELEASE_2\07.实战课程-西研\实战课程_C语言版\03_演练和实战工程\PROJECT\SUBWAYCHARGE_VER2\SUBWAYCHARGE\LLT\SUBWAYCHARGE.OBJ
D:\01_work\2016Q34\02_西研所软件训练营\release_2\07.实战课程-西研\实战课程_C语言版\03_演练和实战工程\project\subwayCharge_ver2\subwayCharge\LLT\subwayCharge.vcxprojResolveAssemblyReference.cache
D:\01_work\2016Q34\02_西研所软件训练营\release_2\07.实战课程-西研\实战课程_C语言版\03_演练和实战工程\project\subwayCharge_ver2\subwayCharge\LLT\subwayCharge.write.1.tlog
D:\01_WORK\2016Q34\02_西研所软件训练营\RELEASE_2\07.实战课程-西研\实战课程_C语言版\03_演练和实战工程\PROJECT\SUBWAYCHARGE_VER2\SUBWAYCHARGE\LLT\SUBWAYCMDPARSE.OBJ
D:\01_WORK\2016Q34\02_西研所软件训练营\RELEASE_2\07.实战课程-西研\实战课程_C语言版\03_演练和实战工程\PROJECT\SUBWAYCHARGE_VER2\SUBWAYCHARGE\LLT\SUBWAYCMDPROC.OBJ
D:\01_WORK\2016Q34\02_西研所软件训练营\RELEASE_2\07.实战课程-西研\实战课程_C语言版\03_演练和实战工程\PROJECT\SUBWAYCHARGE_VER2\SUBWAYCHARGE\LLT\SUBWAYCOMMONSPLIT.OBJ
D:\01_work\2016Q34\02_西研所软件训练营\release_2\07.实战课程-西研\实战课程_C语言版\03_演练和实战工程\project\subwayCharge_ver2\subwayCharge\LLT\subwayControl.obj
D:\01_WORK\2016Q34\02_西研所软件训练营\RELEASE_2\07.实战课程-西研\实战课程_C语言版\03_演练和实战工程\PROJECT\SUBWAYCHARGE_VER2\SUBWAYCHARGE\LLT\SUBWAYCREATECARDPROC.OBJ
D:\01_WORK\2016Q34\02_西研所软件训练营\RELEASE_2\07.实战课程-西研\实战课程_C语言版\03_演练和实战工程\PROJECT\SUBWAYCHARGE_VER2\SUBWAYCHARGE\LLT\SUBWAYDEDUCTPROC.OBJ
D:\01_WORK\2016Q34\02_西研所软件训练营\RELEASE_2\07.实战课程-西研\实战课程_C语言版\03_演练和实战工程\PROJECT\SUBWAYCHARGE_VER2\SUBWAYCHARGE\LLT\SUBWAYERROR.OBJ
D:\01_WORK\2016Q34\02_西研所软件训练营\RELEASE_2\07.实战课程-西研\实战课程_C语言版\03_演练和实战工程\PROJECT\SUBWAYCHARGE_VER2\SUBWAYCHARGE\LLT\SUBWAYFILLCHARGEPROC.OBJ
D:\01_WORK\2016Q34\02_西研所软件训练营\RELEASE_2\07.实战课程-西研\实战课程_C语言版\03_演练和实战工程\PROJECT\SUBWAYCHARGE_VER2\SUBWAYCHARGE\LLT\SUBWAYLINE.OBJ
D:\01_WORK\2016Q34\02_西研所软件训练营\RELEASE_2\07.实战课程-西研\实战课程_C语言版\03_演练和实战工程\PROJECT\SUBWAYCHARGE_VER2\SUBWAYCHARGE\LLT\SUBWAYLINE_TEST.OBJ
D:\01_WORK\2016Q34\02_西研所软件训练营\RELEASE_2\07.实战课程-西研\实战课程_C语言版\03_演练和实战工程\PROJECT\SUBWAYCHARGE_VER2\SUBWAYCHARGE\LLT\SUBWAYOUTPUT.OBJ
D:\01_WORK\2016Q34\02_西研所软件训练营\RELEASE_2\07.实战课程-西研\实战课程_C语言版\03_演练和实战工程\PROJECT\SUBWAYCHARGE_VER2\SUBWAYCHARGE\LLT\SUBWAYPRICE_TEST.OBJ
D:\01_WORK\2016Q34\02_西研所软件训练营\RELEASE_2\07.实战课程-西研\实战课程_C语言版\03_演练和实战工程\PROJECT\SUBWAYCHARGE_VER2\SUBWAYCHARGE\LLT\SUBWAYQUERYHISTORYPROC.OBJ
D:\01_WORK\2016Q34\02_西研所软件训练营\RELEASE_2\07.实战课程-西研\实战课程_C语言版\03_演练和实战工程\PROJECT\SUBWAYCHARGE_VER2\SUBWAYCHARGE\LLT\SUBWAYQUERYLINEPROC.OBJ
D:\01_WORK\2016Q34\02_西研所软件训练营\RELEASE_2\07.实战课程-西研\实战课程_C语言版\03_演练和实战工程\PROJECT\SUBWAYCHARGE_VER2\SUBWAYCHARGE\LLT\SUBWAYRESETPROC.OBJ
D:\01_WORK\2016Q34\02_西研所软件训练营\RELEASE_2\07.实战课程-西研\实战课程_C语言版\03_演练和实战工程\PROJECT\SUBWAYCHARGE_VER2\SUBWAYCHARGE\LLT\SUBWAYSINGLETICKETPROC.OBJ
D:\01_WORK\2016Q34\02_西研所软件训练营\RELEASE_2\07.实战课程-西研\实战课程_C语言版\03_演练和实战工程\PROJECT\SUBWAYCHARGE_VER2\SUBWAYCHARGE\LLT\SUBWAYSOCKET.OBJ
D:\01_work\2016Q34\02_西研所软件训练营\release_2\07.实战课程-西研\实战课程_C语言版\03_演练和实战工程\project\subwayCharge_ver2\subwayCharge\LLT\vc100.idb
D:\01_WORK\2016Q34\02_西研所软件训练营\RELEASE_2\07.实战课程-西研\实战课程_C语言版\03_演练和实战工程\PROJECT\SUBWAYCHARGE_VER2\SUBWAYCHARGE\LLT\VC100.PDB
D:\07_OTHER\07_TEST\SUBWAY_RELEASE\SUBWAYCHARGE_BASE\LLT\SUBWAYCHARGE.EXE
D:\07_other\07_Test\subway_release\subwayCharge_base\LLT\subwayCharge.exp
D:\07_OTHER\07_TEST\SUBWAY_RELEASE\SUBWAYCHARGE_BASE\LLT\SUBWAYCHARGE.ILK
D:\07_other\07_Test\subway_release\subwayCharge_base\LLT\subwayCharge.lib
D:\07_OTHER\07_TEST\SUBWAY_RELEASE\SUBWAYCHARGE_BASE\LLT\SUBWAYCHARGE.PDB
D:\07_OTHER\07_TEST\SUBWAY_RELEASE\SUBWAYCHARGE_BASE\SUBWAYCHARGE\LLT\BASEPRICE.OBJ
D:\07_OTHER\07_TEST\SUBWAY_RELEASE\SUBWAYCHARGE_BASE\SUBWAYCHARGE\LLT\CMDCREATECARD.OBJ
D:\07_OTHER\07_TEST\SUBWAY_RELEASE\SUBWAYCHARGE_BASE\SUBWAYCHARGE\LLT\CMDDEDUCTPROC.OBJ
D:\07_OTHER\07_TEST\SUBWAY_RELEASE\SUBWAYCHARGE_BASE\SUBWAYCHARGE\LLT\CMDDESTROYCARD.OBJ
D:\07_OTHER\07_TEST\SUBWAY_RELEASE\SUBWAYCHARGE_BASE\SUBWAYCHARGE\LLT\CMDFILLCHARGE.OBJ
D:\07_OTHER\07_TEST\SUBWAY_RELEASE\SUBWAYCHARGE_BASE\SUBWAYCHARGE\LLT\CMDQUERYHISTORY.OBJ
D:\07_OTHER\07_TEST\SUBWAY_RELEASE\SUBWAYCHARGE_BASE\SUBWAYCHARGE\LLT\CMDQUERYLINE.OBJ
D:\07_OTHER\07_TEST\SUBWAY_RELEASE\SUBWAYCHARGE_BASE\SUBWAYCHARGE\LLT\CMDRESET.OBJ
D:\07_OTHER\07_TEST\SUBWAY_RELEASE\SUBWAYCHARGE_BASE\SUBWAYCHARGE\LLT\CMDSINGLETICKET.OBJ
D:\07_OTHER\07_TEST\SUBWAY_RELEASE\SUBWAYCHARGE_BASE\SUBWAYCHARGE\LLT\DEDUCTPRICE.OBJ
D:\07_OTHER\07_TEST\SUBWAY_RELEASE\SUBWAYCHARGE_BASE\SUBWAYCHARGE\LLT\STDAFX.OBJ
D:\07_OTHER\07_TEST\SUBWAY_RELEASE\SUBWAYCHARGE_BASE\SUBWAYCHARGE\LLT\SUBWAYCARD.OBJ
D:\07_OTHER\07_TEST\SUBWAY_RELEASE\SUBWAYCHARGE_BASE\SUBWAYCHARGE\LLT\SUBWAYCARD_TEST.OBJ
D:\07_OTHER\07_TEST\SUBWAY_RELEASE\SUBWAYCHARGE_BASE\SUBWAYCHARGE\LLT\SUBWAYCHARGE.EXE.INTERMEDIATE.MANIFEST
D:\07_OTHER\07_TEST\SUBWAY_RELEASE\SUBWAYCHARGE_BASE\SUBWAYCHARGE\LLT\SUBWAYCHARGE.OBJ
D:\07_OTHER\07_TEST\SUBWAY_RELEASE\SUBWAYCHARGE_BASE\SUBWAYCHARGE\LLT\SUBWAYCMDPARSE.OBJ
D:\07_OTHER\07_TEST\SUBWAY_RELEASE\SUBWAYCHARGE_BASE\SUBWAYCHARGE\LLT\SUBWAYCMDPROC.OBJ
D:\07_OTHER\07_TEST\SUBWAY_RELEASE\SUBWAYCHARGE_BASE\SUBWAYCHARGE\LLT\SUBWAYCOMMONSPLIT.OBJ
D:\07_OTHER\07_TEST\SUBWAY_RELEASE\SUBWAYCHARGE_BASE\SUBWAYCHARGE\LLT\SUBWAYCONTROL.OBJ
D:\07_OTHER\07_TEST\SUBWAY_RELEASE\SUBWAYCHARGE_BASE\SUBWAYCHARGE\LLT\SUBWAYCREATECARDPROC.OBJ
D:\07_OTHER\07_TEST\SUBWAY_RELEASE\SUBWAYCHARGE_BASE\SUBWAYCHARGE\LLT\SUBWAYDEDUCTPROC.OBJ
D:\07_OTHER\07_TEST\SUBWAY_RELEASE\SUBWAYCHARGE_BASE\SUBWAYCHARGE\LLT\SUBWAYERROR.OBJ
D:\07_OTHER\07_TEST\SUBWAY_RELEASE\SUBWAYCHARGE_BASE\SUBWAYCHARGE\LLT\SUBWAYFILLCHARGEPROC.OBJ
D:\07_OTHER\07_TEST\SUBWAY_RELEASE\SUBWAYCHARGE_BASE\SUBWAYCHARGE\LLT\SUBWAYLINE.OBJ
D:\07_OTHER\07_TEST\SUBWAY_RELEASE\SUBWAYCHARGE_BASE\SUBWAYCHARGE\LLT\SUBWAYLINE_TEST.OBJ
D:\07_OTHER\07_TEST\SUBWAY_RELEASE\SUBWAYCHARGE_BASE\SUBWAYCHARGE\LLT\SUBWAYOUTPUT.OBJ
D:\07_OTHER\07_TEST\SUBWAY_RELEASE\SUBWAYCHARGE_BASE\SUBWAYCHARGE\LLT\SUBWAYPRICE_TEST.OBJ
D:\07_OTHER\07_TEST\SUBWAY_RELEASE\SUBWAYCHARGE_BASE\SUBWAYCHARGE\LLT\SUBWAYQUERYHISTORYPROC.OBJ
D:\07_OTHER\07_TEST\SUBWAY_RELEASE\SUBWAYCHARGE_BASE\SUBWAYCHARGE\LLT\SUBWAYQUERYLINEPROC.OBJ
D:\07_OTHER\07_TEST\SUBWAY_RELEASE\SUBWAYCHARGE_BASE\SUBWAYCHARGE\LLT\SUBWAYRESETPROC.OBJ
D:\07_OTHER\07_TEST\SUBWAY_RELEASE\SUBWAYCHARGE_BASE\SUBWAYCHARGE\LLT\SUBWAYSINGLETICKETPROC.OBJ
D:\07_OTHER\07_TEST\SUBWAY_RELEASE\SUBWAYCHARGE_BASE\SUBWAYCHARGE\LLT\SUBWAYSOCKET.OBJ
D:\07_OTHER\07_TEST\SUBWAY_RELEASE\SUBWAYCHARGE_BASE\SUBWAYCHARGE\LLT\VC100.PDB
