生成启动时间为 2017/1/12 14:41:48。
     1>项目“F:\huawei\subwayCharge_student\subwayCharge\subwayCharge.vcxproj”在节点 2 上(build 个目标)。
     1>InitializeBuildStatus:
         正在创建“Debug\subwayCharge.unsuccessfulbuild”，因为已指定“AlwaysCreate”。
       ClCompile:
         E:\Program Files\Microsoft Visual Studio 10.0\VC\bin\CL.exe /c /I..\subwayCharge /IsubwayCard /IsubwayCommand /IsubwayCommon /IsubwayControl /IsubwayGlobal /IsubwayLine /IsubwayPrice /IsubwaySocket /IsubwayError /ZI /nologo /W3 /WX- /Od /Oy- /D WIN32 /D _DEBUG /D _CONSOLE /D _UNICODE /D UNICODE /Gm /EHsc /RTC1 /MDd /GS /fp:precise /Zc:wchar_t /Zc:forScope /Fo"Debug\\" /Fd"Debug\vc100.pdb" /Gd /TP /analyze- /errorReport:prompt stdafx.cpp subwayCard\subwayCard.cpp subwayCharge.cpp subwayCommand\subwayCmdParse\src\cmdCreateCard.cpp subwayCommand\subwayCmdParse\src\cmdDeductProc.cpp subwayCommand\subwayCmdParse\src\cmdDestroyCard.cpp subwayCommand\subwayCmdParse\src\cmdFillCharge.cpp subwayCommand\subwayCmdParse\src\cmdQueryHistory.cpp subwayCommand\subwayCmdParse\src\cmdQueryLine.cpp subwayCommand\subwayCmdParse\src\cmdReset.cpp subwayCommand\subwayCmdParse\src\cmdSingleTicket.cpp subwayCommand\subwayCmdParse.cpp subwayCommand\subwayCmdProc\src\subwayCreateCardProc.cpp subwayCommand\subwayCmdProc\src\subwayDeductProc.cpp subwayCommand\subwayCmdProc\src\subwayFillChargeProc.cpp subwayCommand\subwayCmdProc\src\subwayQueryHistoryProc.cpp subwayCommand\subwayCmdProc\src\subwayQueryLineProc.cpp subwayCommand\subwayCmdProc\src\subwayResetProc.cpp subwayCommand\subwayCmdProc\src\subwaySingleTicketProc.cpp subwayCommon\subwayCommonSplit.cpp subwayCommand\subwayCmdProc.cpp subwayCommand\subwayOutput.cpp subwayError\subwayError.cpp subwayLine\subwayline.cpp subwayPrice\src\basePrice.cpp subwayPrice\src\deductPrice.cpp subwaySocket\subwaySocket.cpp subwayTestcase\subwaycard_test\subwaycard_test.cpp subwayTestcase\subwayline_test\subwayline_test.cpp subwayTestcase\subwayprice_test\subwayprice_test.cpp
         subwayprice_test.cpp
         subwayline_test.cpp
         subwaycard_test.cpp
         subwaySocket.cpp
         deductPrice.cpp
         basePrice.cpp
         subwayline.cpp
         subwayError.cpp
         subwayOutput.cpp
         subwayCmdProc.cpp
         subwayCommonSplit.cpp
         subwaySingleTicketProc.cpp
         subwayResetProc.cpp
         subwayQueryLineProc.cpp
         subwayQueryHistoryProc.cpp
         subwayFillChargeProc.cpp
         subwayDeductProc.cpp
         subwayCreateCardProc.cpp
         subwayCmdParse.cpp
         cmdSingleTicket.cpp
         正在生成代码...
         正在编译...
         cmdReset.cpp
         cmdQueryLine.cpp
         cmdQueryHistory.cpp
         cmdFillCharge.cpp
         cmdDestroyCard.cpp
         cmdDeductProc.cpp
         cmdCreateCard.cpp
         subwayCharge.cpp
         subwayCard.cpp
         stdafx.cpp
         正在生成代码...
       ManifestResourceCompile:
         C:\Program Files\Microsoft SDKs\Windows\v7.0A\bin\rc.exe /nologo /fo"Debug\subwayCharge.exe.embed.manifest.res" Debug\subwayCharge_manifest.rc 
       Link:
         E:\Program Files\Microsoft Visual Studio 10.0\VC\bin\link.exe /ERRORREPORT:PROMPT /OUT:"F:\huawei\subwayCharge_student\Debug\subwayCharge.exe" /INCREMENTAL /NOLOGO ws2_32.lib kernel32.lib user32.lib gdi32.lib winspool.lib comdlg32.lib advapi32.lib shell32.lib ole32.lib oleaut32.lib uuid.lib odbc32.lib odbccp32.lib /MANIFEST /ManifestFile:"Debug\subwayCharge.exe.intermediate.manifest" /MANIFESTUAC:"level='asInvoker' uiAccess='false'" /DEBUG /PDB:"F:\huawei\subwayCharge_student\Debug\subwayCharge.pdb" /SUBSYSTEM:CONSOLE /TLBID:1 /DYNAMICBASE /NXCOMPAT /IMPLIB:"F:\huawei\subwayCharge_student\Debug\subwayCharge.lib" /MACHINE:X86 Debug\subwayCharge.exe.embed.manifest.res
         Debug\stdafx.obj
         Debug\subwayCard.obj
         Debug\subwayCharge.obj
         Debug\cmdCreateCard.obj
         Debug\cmdDeductProc.obj
         Debug\cmdDestroyCard.obj
         Debug\cmdFillCharge.obj
         Debug\cmdQueryHistory.obj
         Debug\cmdQueryLine.obj
         Debug\cmdReset.obj
         Debug\cmdSingleTicket.obj
         Debug\subwayCmdParse.obj
         Debug\subwayCreateCardProc.obj
         Debug\subwayDeductProc.obj
         Debug\subwayFillChargeProc.obj
         Debug\subwayQueryHistoryProc.obj
         Debug\subwayQueryLineProc.obj
         Debug\subwayResetProc.obj
         Debug\subwaySingleTicketProc.obj
         Debug\subwayCommonSplit.obj
         Debug\subwayCmdProc.obj
         Debug\subwayOutput.obj
         Debug\subwayError.obj
         Debug\subwayline.obj
         Debug\basePrice.obj
         Debug\deductPrice.obj
         Debug\subwaySocket.obj
         Debug\subwaycard_test.obj
         Debug\subwayline_test.obj
         Debug\subwayprice_test.obj
       Manifest:
         C:\Program Files\Microsoft SDKs\Windows\v7.0A\bin\mt.exe /nologo /verbose /out:"Debug\subwayCharge.exe.embed.manifest" /manifest Debug\subwayCharge.exe.intermediate.manifest
         所有输出均为最新。
       LinkEmbedManifest:
         所有输出均为最新。
         subwayCharge.vcxproj -> F:\huawei\subwayCharge_student\Debug\subwayCharge.exe
       FinalizeBuildStatus:
         正在删除文件“Debug\subwayCharge.unsuccessfulbuild”。
         正在对“Debug\subwayCharge.lastbuildstate”执行 Touch 任务。
     1>已完成生成项目“F:\huawei\subwayCharge_student\subwayCharge\subwayCharge.vcxproj”(build 个目标)的操作。

生成成功。

已用时间 00:00:23.71
